[debug] [2019-12-13T03:21:26.914Z] ----------------------------------------------------------------------
[debug] [2019-12-13T03:21:26.917Z] Command:       /usr/local/bin/node /usr/local/bin/firebase deploy
[debug] [2019-12-13T03:21:26.917Z] CLI Version:   7.10.0
[debug] [2019-12-13T03:21:26.917Z] Platform:      darwin
[debug] [2019-12-13T03:21:26.917Z] Node Version:  v10.16.3
[debug] [2019-12-13T03:21:26.928Z] Time:          Thu Dec 12 2019 22:21:26 GMT-0500 (Eastern Standard Time)
[debug] [2019-12-13T03:21:26.928Z] ----------------------------------------------------------------------
[debug] [2019-12-13T03:21:26.928Z] 
[debug] [2019-12-13T03:21:26.947Z] > command requires scopes: ["email","openid","https://www.googleapis.com/auth/cloudplatformprojects.readonly","https://www.googleapis.com/auth/firebase","https://www.googleapis.com/auth/cloud-platform"]
[debug] [2019-12-13T03:21:26.948Z] > authorizing via signed-in user
[debug] [2019-12-13T03:21:26.948Z] [iam] checking project blue-herbal-goddess for permissions ["firebase.projects.get","firebasehosting.sites.update"]
[debug] [2019-12-13T03:21:26.953Z] >>> HTTP REQUEST POST https://cloudresourcemanager.googleapis.com/v1/projects/blue-herbal-goddess:testIamPermissions  

[debug] [2019-12-13T03:21:27.871Z] <<< HTTP RESPONSE 200
[debug] [2019-12-13T03:21:27.877Z] >>> HTTP REQUEST GET https://firebase.googleapis.com/v1beta1/projects/blue-herbal-goddess  
 
[debug] [2019-12-13T03:21:28.476Z] <<< HTTP RESPONSE 200
[info] 
[info] === Deploying to 'blue-herbal-goddess'...
[info] 
[info] i  deploying hosting
[debug] [2019-12-13T03:21:28.494Z] >>> HTTP REQUEST POST https://firebasehosting.googleapis.com/v1beta1/sites/blue-herbal-goddess/versions  

[debug] [2019-12-13T03:21:30.384Z] <<< HTTP RESPONSE 200
[info] i  hosting[blue-herbal-goddess]: beginning deploy...
[info] i  hosting[blue-herbal-goddess]: found 23 files in build
[debug] [2019-12-13T03:21:30.426Z] [hosting] hash cache [YnVpbGQ] stored for 23 files
[debug] [2019-12-13T03:21:30.426Z] [hosting][hash queue][FINAL]
[debug] [2019-12-13T03:21:30.427Z] >>> HTTP REQUEST POST https://firebasehosting.googleapis.com/v1beta1/sites/blue-herbal-goddess/versions/6e216f0562b2c0ff:populateFiles  
 <request body omitted>
[debug] [2019-12-13T03:21:32.339Z] <<< HTTP RESPONSE 200
[debug] [2019-12-13T03:21:32.340Z] [hosting][populate queue][FINAL]
[debug] [2019-12-13T03:21:32.340Z] [hosting] uploads queued: 0
[debug] [2019-12-13T03:21:32.340Z] [hosting][upload queue][FINAL]
[info] ✔  hosting[blue-herbal-goddess]: file upload complete
[debug] [2019-12-13T03:21:32.342Z] [hosting] deploy completed after 1953ms
[debug] [2019-12-13T03:21:33.275Z] [
  {
    "config": {
      "public": "build",
      "ignore": [
        "firebase.json",
        "**/.*",
        "**/node_modules/**"
      ],
      "site": "blue-herbal-goddess"
    },
    "site": "blue-herbal-goddess",
    "version": "sites/blue-herbal-goddess/versions/6e216f0562b2c0ff"
  }
]
[info] i  hosting[blue-herbal-goddess]: finalizing version...
[debug] [2019-12-13T03:21:33.277Z] >>> HTTP REQUEST PATCH https://firebasehosting.googleapis.com/v1beta1/sites/blue-herbal-goddess/versions/6e216f0562b2c0ff?updateMask=status  

[debug] [2019-12-13T03:21:34.416Z] <<< HTTP RESPONSE 200
[debug] [2019-12-13T03:21:34.416Z] [hosting] finalized version for blue-herbal-goddess:
[info] ✔  hosting[blue-herbal-goddess]: version finalized
[info] i  hosting[blue-herbal-goddess]: releasing new version...
[debug] [2019-12-13T03:21:34.418Z] >>> HTTP REQUEST POST https://firebasehosting.googleapis.com/v1beta1/sites/blue-herbal-goddess/releases?version_name=sites/blue-herbal-goddess/versions/6e216f0562b2c0ff  

